Library/Bee/Android/Prj/Mono2x/Gradle/launcher/build/intermediates/manifest_merge_blame_file/release/manifest-merger-blame-release-report.txt
1<?xml version="1.0" encoding="utf-8"?>
2<manifest xmlns:android="http://schemas.android.com/apk/res/android"
3    package="com.DefaultCompany.com.unity.template.mobile2D"
4    android:installLocation="preferExternal"
5    android:versionCode="1"
6    android:versionName="1.0.2" >
7
8    <uses-sdk
9        android:minSdkVersion="22"
9-->src\main\AndroidManifest.xml
10        android:targetSdkVersion="30" />
10-->src\main\AndroidManifest.xml
11
12    <supports-screens
12-->src\main\AndroidManifest.xml:3:3-163
13        android:anyDensity="true"
13-->src\main\AndroidManifest.xml:3:135-160
14        android:largeScreens="true"
14-->src\main\AndroidManifest.xml:3:78-105
15        android:normalScreens="true"
15-->src\main\AndroidManifest.xml:3:49-77
16        android:smallScreens="true"
16-->src\main\AndroidManifest.xml:3:21-48
17        android:xlargeScreens="true" />
17-->src\main\AndroidManifest.xml:3:106-134
18
19    <uses-permission android:name="android.permission.INTERNET" />
19-->[:unityLibrary] AndroidManifest.xml:12:5-67
19-->[:unityLibrary] AndroidManifest.xml:12:22-64
20
21    <uses-feature android:glEsVersion="0x00030000" />
21-->[:unityLibrary] AndroidManifest.xml:14:5-54
21-->[:unityLibrary] AndroidManifest.xml:14:19-51
22    <uses-feature
22-->[:unityLibrary] AndroidManifest.xml:15:5-17:36
23        android:name="android.hardware.vulkan.version"
23-->[:unityLibrary] AndroidManifest.xml:16:9-55
24        android:required="false" />
24-->[:unityLibrary] AndroidManifest.xml:17:9-33
25
26    <uses-permission android:name="android.permission.ACCESS_NETWORK_STATE" />
26-->[:unityLibrary] AndroidManifest.xml:19:5-79
26-->[:unityLibrary] AndroidManifest.xml:19:22-76
27    <uses-permission android:name="android.permission.ACCESS_FINE_LOCATION" />
27-->[:unityLibrary] AndroidManifest.xml:20:5-79
27-->[:unityLibrary] AndroidManifest.xml:20:22-76
28
29    <uses-feature
29-->[:unityLibrary] AndroidManifest.xml:22:5-24:36
30        android:name="android.hardware.location.gps"
30-->[:unityLibrary] AndroidManifest.xml:23:9-53
31        android:required="false" />
31-->[:unityLibrary] AndroidManifest.xml:24:9-33
32    <uses-feature
32-->[:unityLibrary] AndroidManifest.xml:25:5-27:36
33        android:name="android.hardware.location"
33-->[:unityLibrary] AndroidManifest.xml:26:9-49
34        android:required="false" />
34-->[:unityLibrary] AndroidManifest.xml:27:9-33
35    <uses-feature
35-->[:unityLibrary] AndroidManifest.xml:28:5-30:36
36        android:name="android.hardware.touchscreen"
36-->[:unityLibrary] AndroidManifest.xml:29:9-52
37        android:required="false" />
37-->[:unityLibrary] AndroidManifest.xml:30:9-33
38    <uses-feature
38-->[:unityLibrary] AndroidManifest.xml:31:5-33:36
39        android:name="android.hardware.touchscreen.multitouch"
39-->[:unityLibrary] AndroidManifest.xml:32:9-63
40        android:required="false" />
40-->[:unityLibrary] AndroidManifest.xml:33:9-33
41    <uses-feature
41-->[:unityLibrary] AndroidManifest.xml:34:5-36:36
42        android:name="android.hardware.touchscreen.multitouch.distinct"
42-->[:unityLibrary] AndroidManifest.xml:35:9-72
43        android:required="false" />
43-->[:unityLibrary] AndroidManifest.xml:36:9-33
44
45    <uses-permission android:name="android.permission.POST_NOTIFICATIONS" />
45-->[:unityLibrary] AndroidManifest.xml:38:5-77
45-->[:unityLibrary] AndroidManifest.xml:38:22-74
46
47    <application
47-->src\main\AndroidManifest.xml:4:3-83
48        android:extractNativeLibs="true"
48-->[:unityLibrary] AndroidManifest.xml:40:18-50
49        android:icon="@mipmap/app_icon"
49-->src\main\AndroidManifest.xml:4:49-80
50        android:label="@string/app_name" >
50-->src\main\AndroidManifest.xml:4:16-48
51        <activity
51-->[:unityLibrary] AndroidManifest.xml:41:9-61:20
52            android:name="com.unity3d.player.UnityPlayerActivity"
52-->[:unityLibrary] AndroidManifest.xml:42:13-66
53            android:configChanges="mcc|mnc|locale|touchscreen|keyboard|keyboardHidden|navigation|orientation|screenLayout|uiMode|screenSize|smallestScreenSize|fontScale|layoutDirection|density"
53-->[:unityLibrary] AndroidManifest.xml:43:13-194
54            android:hardwareAccelerated="false"
54-->[:unityLibrary] AndroidManifest.xml:44:13-48
55            android:launchMode="singleTask"
55-->[:unityLibrary] AndroidManifest.xml:45:13-44
56            android:resizeableActivity="false"
56-->[:unityLibrary] AndroidManifest.xml:46:13-47
57            android:screenOrientation="fullUser"
57-->[:unityLibrary] AndroidManifest.xml:47:13-49
58            android:theme="@style/UnityThemeSelector" >
58-->[:unityLibrary] AndroidManifest.xml:48:13-54
59            <intent-filter>
59-->[:unityLibrary] AndroidManifest.xml:49:13-53:29
60                <action android:name="android.intent.action.MAIN" />
60-->[:unityLibrary] AndroidManifest.xml:50:17-69
60-->[:unityLibrary] AndroidManifest.xml:50:25-66
61
62                <category android:name="android.intent.category.LAUNCHER" />
62-->[:unityLibrary] AndroidManifest.xml:52:17-77
62-->[:unityLibrary] AndroidManifest.xml:52:27-74
63            </intent-filter>
64
65            <meta-data
65-->[:unityLibrary] AndroidManifest.xml:55:13-57:40
66                android:name="unityplayer.UnityActivity"
66-->[:unityLibrary] AndroidManifest.xml:56:17-57
67                android:value="true" />
67-->[:unityLibrary] AndroidManifest.xml:57:17-37
68            <meta-data
68-->[:unityLibrary] AndroidManifest.xml:58:13-60:40
69                android:name="android.notch_support"
69-->[:unityLibrary] AndroidManifest.xml:59:17-53
70                android:value="true" />
70-->[:unityLibrary] AndroidManifest.xml:60:17-37
71        </activity>
72
73        <meta-data
73-->[:unityLibrary] AndroidManifest.xml:63:9-65:33
74            android:name="unity.splash-mode"
74-->[:unityLibrary] AndroidManifest.xml:64:13-45
75            android:value="0" />
75-->[:unityLibrary] AndroidManifest.xml:65:13-30
76        <meta-data
76-->[:unityLibrary] AndroidManifest.xml:66:9-68:36
77            android:name="unity.splash-enable"
77-->[:unityLibrary] AndroidManifest.xml:67:13-47
78            android:value="True" />
78-->[:unityLibrary] AndroidManifest.xml:68:13-33
79        <meta-data
79-->[:unityLibrary] AndroidManifest.xml:69:9-71:36
80            android:name="unity.launch-fullscreen"
80-->[:unityLibrary] AndroidManifest.xml:70:13-51
81            android:value="True" />
81-->[:unityLibrary] AndroidManifest.xml:71:13-33
82        <meta-data
82-->[:unityLibrary] AndroidManifest.xml:72:9-74:37
83            android:name="unity.allow-resizable-window"
83-->[:unityLibrary] AndroidManifest.xml:73:13-56
84            android:value="False" />
84-->[:unityLibrary] AndroidManifest.xml:74:13-34
85        <meta-data
85-->[:unityLibrary] AndroidManifest.xml:75:9-77:50
86            android:name="notch.config"
86-->[:unityLibrary] AndroidManifest.xml:76:13-40
87            android:value="portrait|landscape" />
87-->[:unityLibrary] AndroidManifest.xml:77:13-47
88        <meta-data
88-->[:unityLibrary] AndroidManifest.xml:78:9-80:36
89            android:name="unity.auto-report-fully-drawn"
89-->[:unityLibrary] AndroidManifest.xml:79:13-57
90            android:value="true" />
90-->[:unityLibrary] AndroidManifest.xml:80:13-33
91
92        <receiver
92-->[:unityLibrary] AndroidManifest.xml:82:9-84:40
93            android:name="com.unity.androidnotifications.UnityNotificationManager"
93-->[:unityLibrary] AndroidManifest.xml:83:13-83
94            android:exported="false" />
94-->[:unityLibrary] AndroidManifest.xml:84:13-37
95        <receiver
95-->[:unityLibrary] AndroidManifest.xml:85:9-92:20
96            android:name="com.unity.androidnotifications.UnityNotificationRestartOnBootReceiver"
96-->[:unityLibrary] AndroidManifest.xml:86:13-97
97            android:enabled="false"
97-->[:unityLibrary] AndroidManifest.xml:87:13-36
98            android:exported="false" >
98-->[:unityLibrary] AndroidManifest.xml:88:13-37
99            <intent-filter>
99-->[:unityLibrary] AndroidManifest.xml:89:13-91:29
100                <action android:name="android.intent.action.BOOT_COMPLETED" />
100-->[:unityLibrary] AndroidManifest.xml:90:17-79
100-->[:unityLibrary] AndroidManifest.xml:90:25-76
101            </intent-filter>
102        </receiver>
103
104        <meta-data
104-->[:unityLibrary] AndroidManifest.xml:94:9-96:33
105            android:name="com.unity.androidnotifications.exact_scheduling"
105-->[:unityLibrary] AndroidManifest.xml:95:13-75
106            android:value="0" />
106-->[:unityLibrary] AndroidManifest.xml:96:13-30
107    </application>
108
109</manifest>